


ARM Macro Assembler    Page 1 


    1 00000000         ;*******************************************************
                       ************************
    2 00000000         ;* File Name          : startup_stm32f334x8.s
    3 00000000         ;* Author             : MCD Application Team
    4 00000000         ;* Description        : STM32F334x4/x6/x8 devices vector
                        table for MDK-ARM toolchain.
    5 00000000         ;*                      This module performs:
    6 00000000         ;*                      - Set the initial SP
    7 00000000         ;*                      - Set the initial PC == Reset_Ha
                       ndler
    8 00000000         ;*                      - Set the vector table entries w
                       ith the exceptions ISR address
    9 00000000         ;*                      - Branches to __main in the C li
                       brary (which eventually
   10 00000000         ;*                        calls main()).
   11 00000000         ;*                      After Reset the CortexM4 process
                       or is in Thread mode,
   12 00000000         ;*                      priority is Privileged, and the 
                       Stack is set to Main.
   13 00000000         ;*******************************************************
                       *************************
   14 00000000         ;* @attention
   15 00000000         ;*
   16 00000000         ;* <h2><center>&copy; Copyright (c) 2016 STMicroelectron
                       ics.
   17 00000000         ;* All rights reserved.</center></h2>
   18 00000000         ;*
   19 00000000         ;* This software component is licensed by ST under BSD 3
                       -Clause license,
   20 00000000         ;* the "License"; You may not use this file except in co
                       mpliance with the
   21 00000000         ;* License. You may obtain a copy of the License at:
   22 00000000         ;*                        opensource.org/licenses/BSD-3-
                       Clause
   23 00000000         ;*
   24 00000000         ;*******************************************************
                       ************************
   25 00000000         ;* <<< Use Configuration Wizard in Context Menu >>>
   26 00000000         ;
   27 00000000         
   28 00000000         ; Amount of memory (in bytes) allocated for Stack
   29 00000000         ; Tailor this value to your application needs
   30 00000000         ; <h> Stack Configuration
   31 00000000         ;   <o> Stack Size (in Bytes) <0x0-0xFFFFFFFF:8>
   32 00000000         ; </h>
   33 00000000         
   34 00000000 00000400 
                       Stack_Size
                               EQU              0x400       ;
   35 00000000         
   36 00000000                 AREA             STACK, NOINIT, READWRITE, ALIGN
=3
   37 00000000         Stack_Mem
                               SPACE            Stack_Size
   38 00000400         __initial_sp
   39 00000400         
   40 00000400         
   41 00000400         ; <h> Heap Configuration
   42 00000400         ;   <o>  Heap Size (in Bytes) <0x0-0xFFFFFFFF:8>



ARM Macro Assembler    Page 2 


   43 00000400         ; </h>
   44 00000400         
   45 00000400 00000200 
                       Heap_Size
                               EQU              0x200       ;
   46 00000400         
   47 00000400                 AREA             HEAP, NOINIT, READWRITE, ALIGN=
3
   48 00000000         __heap_base
   49 00000000         Heap_Mem
                               SPACE            Heap_Size
   50 00000200         __heap_limit
   51 00000200         
   52 00000200                 PRESERVE8
   53 00000200                 THUMB
   54 00000200         
   55 00000200         
   56 00000200         ; Vector Table Mapped to Address 0 at Reset
   57 00000200                 AREA             RESET, DATA, READONLY
   58 00000000                 EXPORT           __Vectors
   59 00000000                 EXPORT           __Vectors_End
   60 00000000                 EXPORT           __Vectors_Size
   61 00000000         
   62 00000000 00000000 
                       __Vectors
                               DCD              __initial_sp ; Top of Stack
   63 00000004 00000000        DCD              Reset_Handler ; Reset Handler
   64 00000008 00000000        DCD              NMI_Handler ; NMI Handler
   65 0000000C 00000000        DCD              HardFault_Handler ; Hard Fault 
                                                            Handler
   66 00000010 00000000        DCD              MemManage_Handler 
                                                            ; MPU Fault Handler
                                                            
   67 00000014 00000000        DCD              BusFault_Handler 
                                                            ; Bus Fault Handler
                                                            
   68 00000018 00000000        DCD              UsageFault_Handler ; Usage Faul
                                                            t Handler
   69 0000001C 00000000        DCD              0           ; Reserved
   70 00000020 00000000        DCD              0           ; Reserved
   71 00000024 00000000        DCD              0           ; Reserved
   72 00000028 00000000        DCD              0           ; Reserved
   73 0000002C 00000000        DCD              SVC_Handler ; SVCall Handler
   74 00000030 00000000        DCD              DebugMon_Handler ; Debug Monito
                                                            r Handler
   75 00000034 00000000        DCD              0           ; Reserved
   76 00000038 00000000        DCD              PendSV_Handler ; PendSV Handler
                                                            
   77 0000003C 00000000        DCD              SysTick_Handler 
                                                            ; SysTick Handler
   78 00000040         
   79 00000040         ; External Interrupts
   80 00000040 00000000        DCD              WWDG_IRQHandler 
                                                            ; Window WatchDog
   81 00000044 00000000        DCD              PVD_IRQHandler ; PVD through EX
                                                            TI Line detection
   82 00000048 00000000        DCD              TAMP_STAMP_IRQHandler ; Tamper 
                                                            and TimeStamps thro
                                                            ugh the EXTI line



ARM Macro Assembler    Page 3 


   83 0000004C 00000000        DCD              RTC_WKUP_IRQHandler ; RTC Wakeu
                                                            p through the EXTI 
                                                            line
   84 00000050 00000000        DCD              FLASH_IRQHandler ; FLASH
   85 00000054 00000000        DCD              RCC_IRQHandler ; RCC
   86 00000058 00000000        DCD              EXTI0_IRQHandler ; EXTI Line0
   87 0000005C 00000000        DCD              EXTI1_IRQHandler ; EXTI Line1
   88 00000060 00000000        DCD              EXTI2_TSC_IRQHandler ; EXTI Lin
                                                            e2 and Touch Sense 
                                                            controller
   89 00000064 00000000        DCD              EXTI3_IRQHandler ; EXTI Line3
   90 00000068 00000000        DCD              EXTI4_IRQHandler ; EXTI Line4
   91 0000006C 00000000        DCD              DMA1_Channel1_IRQHandler 
                                                            ; DMA1 Channel 1
   92 00000070 00000000        DCD              DMA1_Channel2_IRQHandler 
                                                            ; DMA1 Channel 2
   93 00000074 00000000        DCD              DMA1_Channel3_IRQHandler 
                                                            ; DMA1 Channel 3
   94 00000078 00000000        DCD              DMA1_Channel4_IRQHandler 
                                                            ; DMA1 Channel 4
   95 0000007C 00000000        DCD              DMA1_Channel5_IRQHandler 
                                                            ; DMA1 Channel 5
   96 00000080 00000000        DCD              DMA1_Channel6_IRQHandler 
                                                            ; DMA1 Channel 6
   97 00000084 00000000        DCD              DMA1_Channel7_IRQHandler 
                                                            ; DMA1 Channel 7
   98 00000088 00000000        DCD              ADC1_2_IRQHandler 
                                                            ; ADC1 and ADC2
   99 0000008C 00000000        DCD              CAN_TX_IRQHandler ; CAN TX
  100 00000090 00000000        DCD              CAN_RX0_IRQHandler ; CAN RX0
  101 00000094 00000000        DCD              CAN_RX1_IRQHandler ; CAN RX1
  102 00000098 00000000        DCD              CAN_SCE_IRQHandler ; CAN SCE
  103 0000009C 00000000        DCD              EXTI9_5_IRQHandler ; External L
                                                            ine[9:5]s
  104 000000A0 00000000        DCD              TIM1_BRK_TIM15_IRQHandler ; TIM
                                                            1 Break and TIM15
  105 000000A4 00000000        DCD              TIM1_UP_TIM16_IRQHandler ; TIM1
                                                             Update and TIM16
  106 000000A8 00000000        DCD              TIM1_TRG_COM_TIM17_IRQHandler ;
                                                             TIM1 Trigger and C
                                                            ommutation and TIM1
                                                            7
  107 000000AC 00000000        DCD              TIM1_CC_IRQHandler ; TIM1 Captu
                                                            re Compare
  108 000000B0 00000000        DCD              TIM2_IRQHandler ; TIM2
  109 000000B4 00000000        DCD              TIM3_IRQHandler ; TIM3
  110 000000B8 00000000        DCD              0           ; Reserved
  111 000000BC 00000000        DCD              I2C1_EV_IRQHandler ; I2C1 Event
                                                             and EXTI Line 23
  112 000000C0 00000000        DCD              I2C1_ER_IRQHandler ; I2C1 Error
                                                            
  113 000000C4 00000000        DCD              0           ; Reserved
  114 000000C8 00000000        DCD              0           ; Reserved
  115 000000CC 00000000        DCD              SPI1_IRQHandler ; SPI1
  116 000000D0 00000000        DCD              0           ; Reserved
  117 000000D4 00000000        DCD              USART1_IRQHandler ; USART1 and 
                                                            EXTI Line 25
  118 000000D8 00000000        DCD              USART2_IRQHandler ; USART2 and 
                                                            EXTI Line 26



ARM Macro Assembler    Page 4 


  119 000000DC 00000000        DCD              USART3_IRQHandler ; USART3 and 
                                                            EXTI Line 28
  120 000000E0 00000000        DCD              EXTI15_10_IRQHandler ; External
                                                             Line[15:10]s
  121 000000E4 00000000        DCD              RTC_Alarm_IRQHandler ; RTC Alar
                                                            m (A and B) through
                                                             EXTI Line
  122 000000E8 00000000        DCD              0           ; Reserved
  123 000000EC 00000000        DCD              0           ; Reserved
  124 000000F0 00000000        DCD              0           ; Reserved
  125 000000F4 00000000        DCD              0           ; Reserved
  126 000000F8 00000000        DCD              0           ; Reserved
  127 000000FC 00000000        DCD              0           ; Reserved
  128 00000100 00000000        DCD              0           ; Reserved
  129 00000104 00000000        DCD              0           ; Reserved
  130 00000108 00000000        DCD              0           ; Reserved
  131 0000010C 00000000        DCD              0           ; Reserved
  132 00000110 00000000        DCD              0           ; Reserved
  133 00000114 00000000        DCD              0           ; Reserved
  134 00000118 00000000        DCD              TIM6_DAC1_IRQHandler ; TIM6 and
                                                             DAC1 underrun erro
                                                            rs
  135 0000011C 00000000        DCD              TIM7_DAC2_IRQHandler ; TIM7 and
                                                             DAC2 underrun erro
                                                            rs
  136 00000120 00000000        DCD              0           ; Reserved
  137 00000124 00000000        DCD              0           ; Reserved
  138 00000128 00000000        DCD              0           ; Reserved
  139 0000012C 00000000        DCD              0           ; Reserved
  140 00000130 00000000        DCD              0           ; Reserved
  141 00000134 00000000        DCD              0           ; Reserved
  142 00000138 00000000        DCD              0           ; Reserved
  143 0000013C 00000000        DCD              0           ; Reserved
  144 00000140 00000000        DCD              COMP2_IRQHandler ; COMP2
  145 00000144 00000000        DCD              COMP4_6_IRQHandler 
                                                            ; COMP4 and COMP6
  146 00000148 00000000        DCD              0           ; Reserved
  147 0000014C 00000000        DCD              HRTIM1_Master_IRQHandler ; HRTI
                                                            M1 master timer
  148 00000150 00000000        DCD              HRTIM1_TIMA_IRQHandler 
                                                            ; HRTIM1 timer A
  149 00000154 00000000        DCD              HRTIM1_TIMB_IRQHandler 
                                                            ; HRTIM1 timer B
  150 00000158 00000000        DCD              HRTIM1_TIMC_IRQHandler 
                                                            ; HRTIM1 timer C
  151 0000015C 00000000        DCD              HRTIM1_TIMD_IRQHandler 
                                                            ; HRTIM1 timer D
  152 00000160 00000000        DCD              HRTIM1_TIME_IRQHandler 
                                                            ; HRTIM1 timer E
  153 00000164 00000000        DCD              HRTIM1_FLT_IRQHandler 
                                                            ; HRTIM1 fault
  154 00000168 00000000        DCD              0           ; Reserved
  155 0000016C 00000000        DCD              0           ; Reserved
  156 00000170 00000000        DCD              0           ; Reserved
  157 00000174 00000000        DCD              0           ; Reserved
  158 00000178 00000000        DCD              0           ; Reserved
  159 0000017C 00000000        DCD              0           ; Reserved
  160 00000180 00000000        DCD              0           ; Reserved
  161 00000184 00000000        DCD              FPU_IRQHandler ; FPU



ARM Macro Assembler    Page 5 


  162 00000188         
  163 00000188         __Vectors_End
  164 00000188         
  165 00000188 00000188 
                       __Vectors_Size
                               EQU              __Vectors_End - __Vectors
  166 00000188         
  167 00000188                 AREA             |.text|, CODE, READONLY
  168 00000000         
  169 00000000         ; Reset handler
  170 00000000         Reset_Handler
                               PROC
  171 00000000                 EXPORT           Reset_Handler             [WEAK
]
  172 00000000                 IMPORT           SystemInit
  173 00000000                 IMPORT           __main
  174 00000000         
  175 00000000 4806            LDR              R0, =SystemInit
  176 00000002 4780            BLX              R0
  177 00000004 4806            LDR              R0, =__main
  178 00000006 4700            BX               R0
  179 00000008                 ENDP
  180 00000008         
  181 00000008         ; Dummy Exception Handlers (infinite loops which can be 
                       modified)
  182 00000008         
  183 00000008         NMI_Handler
                               PROC
  184 00000008                 EXPORT           NMI_Handler                [WEA
K]
  185 00000008 E7FE            B                .
  186 0000000A                 ENDP
  188 0000000A         HardFault_Handler
                               PROC
  189 0000000A                 EXPORT           HardFault_Handler          [WEA
K]
  190 0000000A E7FE            B                .
  191 0000000C                 ENDP
  193 0000000C         MemManage_Handler
                               PROC
  194 0000000C                 EXPORT           MemManage_Handler          [WEA
K]
  195 0000000C E7FE            B                .
  196 0000000E                 ENDP
  198 0000000E         BusFault_Handler
                               PROC
  199 0000000E                 EXPORT           BusFault_Handler           [WEA
K]
  200 0000000E E7FE            B                .
  201 00000010                 ENDP
  203 00000010         UsageFault_Handler
                               PROC
  204 00000010                 EXPORT           UsageFault_Handler         [WEA
K]
  205 00000010 E7FE            B                .
  206 00000012                 ENDP
  207 00000012         SVC_Handler
                               PROC
  208 00000012                 EXPORT           SVC_Handler                [WEA



ARM Macro Assembler    Page 6 


K]
  209 00000012 E7FE            B                .
  210 00000014                 ENDP
  212 00000014         DebugMon_Handler
                               PROC
  213 00000014                 EXPORT           DebugMon_Handler           [WEA
K]
  214 00000014 E7FE            B                .
  215 00000016                 ENDP
  216 00000016         PendSV_Handler
                               PROC
  217 00000016                 EXPORT           PendSV_Handler             [WEA
K]
  218 00000016 E7FE            B                .
  219 00000018                 ENDP
  220 00000018         SysTick_Handler
                               PROC
  221 00000018                 EXPORT           SysTick_Handler            [WEA
K]
  222 00000018 E7FE            B                .
  223 0000001A                 ENDP
  224 0000001A         
  225 0000001A         Default_Handler
                               PROC
  226 0000001A         
  227 0000001A                 EXPORT           WWDG_IRQHandler                
   [WEAK]
  228 0000001A                 EXPORT           PVD_IRQHandler                 
   [WEAK]
  229 0000001A                 EXPORT           TAMP_STAMP_IRQHandler          
   [WEAK]
  230 0000001A                 EXPORT           RTC_WKUP_IRQHandler            
   [WEAK]
  231 0000001A                 EXPORT           FLASH_IRQHandler               
   [WEAK]
  232 0000001A                 EXPORT           RCC_IRQHandler                 
   [WEAK]
  233 0000001A                 EXPORT           EXTI0_IRQHandler               
   [WEAK]
  234 0000001A                 EXPORT           EXTI1_IRQHandler               
   [WEAK]
  235 0000001A                 EXPORT           EXTI2_TSC_IRQHandler           
   [WEAK]
  236 0000001A                 EXPORT           EXTI3_IRQHandler               
   [WEAK]
  237 0000001A                 EXPORT           EXTI4_IRQHandler               
   [WEAK]
  238 0000001A                 EXPORT           DMA1_Channel1_IRQHandler       
   [WEAK]
  239 0000001A                 EXPORT           DMA1_Channel2_IRQHandler       
   [WEAK]
  240 0000001A                 EXPORT           DMA1_Channel3_IRQHandler       
   [WEAK]
  241 0000001A                 EXPORT           DMA1_Channel4_IRQHandler       
   [WEAK]
  242 0000001A                 EXPORT           DMA1_Channel5_IRQHandler       
   [WEAK]
  243 0000001A                 EXPORT           DMA1_Channel6_IRQHandler       
   [WEAK]



ARM Macro Assembler    Page 7 


  244 0000001A                 EXPORT           DMA1_Channel7_IRQHandler       
   [WEAK]
  245 0000001A                 EXPORT           ADC1_2_IRQHandler              
   [WEAK]
  246 0000001A                 EXPORT           CAN_TX_IRQHandler              
   [WEAK]
  247 0000001A                 EXPORT           CAN_RX0_IRQHandler             
   [WEAK]
  248 0000001A                 EXPORT           CAN_RX1_IRQHandler             
   [WEAK]
  249 0000001A                 EXPORT           CAN_SCE_IRQHandler             
   [WEAK]
  250 0000001A                 EXPORT           EXTI9_5_IRQHandler             
   [WEAK]
  251 0000001A                 EXPORT           TIM1_BRK_TIM15_IRQHandler      
   [WEAK]
  252 0000001A                 EXPORT           TIM1_UP_TIM16_IRQHandler       
   [WEAK]
  253 0000001A                 EXPORT           TIM1_TRG_COM_TIM17_IRQHandler  
   [WEAK]
  254 0000001A                 EXPORT           TIM1_CC_IRQHandler             
   [WEAK]
  255 0000001A                 EXPORT           TIM2_IRQHandler                
   [WEAK]
  256 0000001A                 EXPORT           TIM3_IRQHandler                
   [WEAK]
  257 0000001A                 EXPORT           I2C1_EV_IRQHandler             
   [WEAK]
  258 0000001A                 EXPORT           I2C1_ER_IRQHandler             
   [WEAK]
  259 0000001A                 EXPORT           SPI1_IRQHandler                
   [WEAK]
  260 0000001A                 EXPORT           USART1_IRQHandler              
   [WEAK]
  261 0000001A                 EXPORT           USART2_IRQHandler              
   [WEAK]
  262 0000001A                 EXPORT           USART3_IRQHandler              
   [WEAK]
  263 0000001A                 EXPORT           EXTI15_10_IRQHandler           
   [WEAK]
  264 0000001A                 EXPORT           RTC_Alarm_IRQHandler           
   [WEAK]
  265 0000001A                 EXPORT           TIM6_DAC1_IRQHandler           
   [WEAK]
  266 0000001A                 EXPORT           TIM7_DAC2_IRQHandler           
   [WEAK]
  267 0000001A                 EXPORT           COMP2_IRQHandler               
   [WEAK]
  268 0000001A                 EXPORT           COMP4_6_IRQHandler             
   [WEAK]
  269 0000001A                 EXPORT           HRTIM1_Master_IRQHandler       
   [WEAK]
  270 0000001A                 EXPORT           HRTIM1_TIMA_IRQHandler         
   [WEAK]
  271 0000001A                 EXPORT           HRTIM1_TIMB_IRQHandler         
   [WEAK]
  272 0000001A                 EXPORT           HRTIM1_TIMC_IRQHandler         
   [WEAK]
  273 0000001A                 EXPORT           HRTIM1_TIMD_IRQHandler         



ARM Macro Assembler    Page 8 


   [WEAK]
  274 0000001A                 EXPORT           HRTIM1_TIME_IRQHandler         
   [WEAK]
  275 0000001A                 EXPORT           HRTIM1_FLT_IRQHandler          
   [WEAK]
  276 0000001A                 EXPORT           FPU_IRQHandler                 
   [WEAK]
  277 0000001A         
  278 0000001A         WWDG_IRQHandler
  279 0000001A         PVD_IRQHandler
  280 0000001A         TAMP_STAMP_IRQHandler
  281 0000001A         RTC_WKUP_IRQHandler
  282 0000001A         FLASH_IRQHandler
  283 0000001A         RCC_IRQHandler
  284 0000001A         EXTI0_IRQHandler
  285 0000001A         EXTI1_IRQHandler
  286 0000001A         EXTI2_TSC_IRQHandler
  287 0000001A         EXTI3_IRQHandler
  288 0000001A         EXTI4_IRQHandler
  289 0000001A         DMA1_Channel1_IRQHandler
  290 0000001A         DMA1_Channel2_IRQHandler
  291 0000001A         DMA1_Channel3_IRQHandler
  292 0000001A         DMA1_Channel4_IRQHandler
  293 0000001A         DMA1_Channel5_IRQHandler
  294 0000001A         DMA1_Channel6_IRQHandler
  295 0000001A         DMA1_Channel7_IRQHandler
  296 0000001A         ADC1_2_IRQHandler
  297 0000001A         CAN_TX_IRQHandler
  298 0000001A         CAN_RX0_IRQHandler
  299 0000001A         CAN_RX1_IRQHandler
  300 0000001A         CAN_SCE_IRQHandler
  301 0000001A         EXTI9_5_IRQHandler
  302 0000001A         TIM1_BRK_TIM15_IRQHandler
  303 0000001A         TIM1_UP_TIM16_IRQHandler
  304 0000001A         TIM1_TRG_COM_TIM17_IRQHandler
  305 0000001A         TIM1_CC_IRQHandler
  306 0000001A         TIM2_IRQHandler
  307 0000001A         TIM3_IRQHandler
  308 0000001A         I2C1_EV_IRQHandler
  309 0000001A         I2C1_ER_IRQHandler
  310 0000001A         SPI1_IRQHandler
  311 0000001A         USART1_IRQHandler
  312 0000001A         USART2_IRQHandler
  313 0000001A         USART3_IRQHandler
  314 0000001A         EXTI15_10_IRQHandler
  315 0000001A         RTC_Alarm_IRQHandler
  316 0000001A         TIM6_DAC1_IRQHandler
  317 0000001A         TIM7_DAC2_IRQHandler
  318 0000001A         COMP2_IRQHandler
  319 0000001A         COMP4_6_IRQHandler
  320 0000001A         HRTIM1_Master_IRQHandler
  321 0000001A         HRTIM1_TIMA_IRQHandler
  322 0000001A         HRTIM1_TIMB_IRQHandler
  323 0000001A         HRTIM1_TIMC_IRQHandler
  324 0000001A         HRTIM1_TIMD_IRQHandler
  325 0000001A         HRTIM1_TIME_IRQHandler
  326 0000001A         HRTIM1_FLT_IRQHandler
  327 0000001A         FPU_IRQHandler
  328 0000001A         



ARM Macro Assembler    Page 9 


  329 0000001A E7FE            B                .
  330 0000001C         
  331 0000001C                 ENDP
  332 0000001C         
  333 0000001C                 ALIGN
  334 0000001C         
  335 0000001C         ;*******************************************************
                       ************************
  336 0000001C         ; User Stack and Heap initialization
  337 0000001C         ;*******************************************************
                       ************************
  338 0000001C                 IF               :DEF:__MICROLIB
  339 0000001C         
  340 0000001C                 EXPORT           __initial_sp
  341 0000001C                 EXPORT           __heap_base
  342 0000001C                 EXPORT           __heap_limit
  343 0000001C         
  344 0000001C                 ELSE
  359                          ENDIF
  360 0000001C         
  361 0000001C                 END
              00000000 
              00000000 
Command Line: --debug --xref --diag_suppress=9931 --cpu=Cortex-M4.fp.sp --apcs=
interwork --depend=stm32f334r8-nucleo\startup_stm32f334x8.d -ostm32f334r8-nucle
o\startup_stm32f334x8.o -I.\RTE\_STM32F334R8-Nucleo -IC:\Users\22060\AppData\Lo
cal\Arm\Packs\ARM\CMSIS\5.7.0\CMSIS\Core\Include -IC:\Users\22060\AppData\Local
\Arm\Packs\Keil\STM32F3xx_DFP\2.1.0\Drivers\CMSIS\Device\ST\STM32F3xx\Include -
-predefine="__EVAL SETA 1" --predefine="__MICROLIB SETA 1" --predefine="__UVISI
ON_VERSION SETA 531" --predefine="_RTE_ SETA 1" --predefine="STM32F334x8 SETA 1
" --predefine="_RTE_ SETA 1" --list=startup_stm32f334x8.lst ..\startup\startup_
stm32f334x8.s



ARM Macro Assembler    Page 1 Alphabetic symbol ordering
Relocatable symbols

STACK 00000000

Symbol: STACK
   Definitions
      At line 36 in file ..\startup\startup_stm32f334x8.s
   Uses
      None
Comment: STACK unused
Stack_Mem 00000000

Symbol: Stack_Mem
   Definitions
      At line 37 in file ..\startup\startup_stm32f334x8.s
   Uses
      None
Comment: Stack_Mem unused
__initial_sp 00000400

Symbol: __initial_sp
   Definitions
      At line 38 in file ..\startup\startup_stm32f334x8.s
   Uses
      At line 62 in file ..\startup\startup_stm32f334x8.s
      At line 340 in file ..\startup\startup_stm32f334x8.s

3 symbols



ARM Macro Assembler    Page 1 Alphabetic symbol ordering
Relocatable symbols

HEAP 00000000

Symbol: HEAP
   Definitions
      At line 47 in file ..\startup\startup_stm32f334x8.s
   Uses
      None
Comment: HEAP unused
Heap_Mem 00000000

Symbol: Heap_Mem
   Definitions
      At line 49 in file ..\startup\startup_stm32f334x8.s
   Uses
      None
Comment: Heap_Mem unused
__heap_base 00000000

Symbol: __heap_base
   Definitions
      At line 48 in file ..\startup\startup_stm32f334x8.s
   Uses
      At line 341 in file ..\startup\startup_stm32f334x8.s
Comment: __heap_base used once
__heap_limit 00000200

Symbol: __heap_limit
   Definitions
      At line 50 in file ..\startup\startup_stm32f334x8.s
   Uses
      At line 342 in file ..\startup\startup_stm32f334x8.s
Comment: __heap_limit used once
4 symbols



ARM Macro Assembler    Page 1 Alphabetic symbol ordering
Relocatable symbols

RESET 00000000

Symbol: RESET
   Definitions
      At line 57 in file ..\startup\startup_stm32f334x8.s
   Uses
      None
Comment: RESET unused
__Vectors 00000000

Symbol: __Vectors
   Definitions
      At line 62 in file ..\startup\startup_stm32f334x8.s
   Uses
      At line 58 in file ..\startup\startup_stm32f334x8.s
      At line 165 in file ..\startup\startup_stm32f334x8.s

__Vectors_End 00000188

Symbol: __Vectors_End
   Definitions
      At line 163 in file ..\startup\startup_stm32f334x8.s
   Uses
      At line 59 in file ..\startup\startup_stm32f334x8.s
      At line 165 in file ..\startup\startup_stm32f334x8.s

3 symbols



ARM Macro Assembler    Page 1 Alphabetic symbol ordering
Relocatable symbols

.text 00000000

Symbol: .text
   Definitions
      At line 167 in file ..\startup\startup_stm32f334x8.s
   Uses
      None
Comment: .text unused
ADC1_2_IRQHandler 0000001A

Symbol: ADC1_2_IRQHandler
   Definitions
      At line 296 in file ..\startup\startup_stm32f334x8.s
   Uses
      At line 98 in file ..\startup\startup_stm32f334x8.s
      At line 245 in file ..\startup\startup_stm32f334x8.s

BusFault_Handler 0000000E

Symbol: BusFault_Handler
   Definitions
      At line 198 in file ..\startup\startup_stm32f334x8.s
   Uses
      At line 67 in file ..\startup\startup_stm32f334x8.s
      At line 199 in file ..\startup\startup_stm32f334x8.s

CAN_RX0_IRQHandler 0000001A

Symbol: CAN_RX0_IRQHandler
   Definitions
      At line 298 in file ..\startup\startup_stm32f334x8.s
   Uses
      At line 100 in file ..\startup\startup_stm32f334x8.s
      At line 247 in file ..\startup\startup_stm32f334x8.s

CAN_RX1_IRQHandler 0000001A

Symbol: CAN_RX1_IRQHandler
   Definitions
      At line 299 in file ..\startup\startup_stm32f334x8.s
   Uses
      At line 101 in file ..\startup\startup_stm32f334x8.s
      At line 248 in file ..\startup\startup_stm32f334x8.s

CAN_SCE_IRQHandler 0000001A

Symbol: CAN_SCE_IRQHandler
   Definitions
      At line 300 in file ..\startup\startup_stm32f334x8.s
   Uses
      At line 102 in file ..\startup\startup_stm32f334x8.s
      At line 249 in file ..\startup\startup_stm32f334x8.s

CAN_TX_IRQHandler 0000001A

Symbol: CAN_TX_IRQHandler
   Definitions
      At line 297 in file ..\startup\startup_stm32f334x8.s
   Uses



ARM Macro Assembler    Page 2 Alphabetic symbol ordering
Relocatable symbols

      At line 99 in file ..\startup\startup_stm32f334x8.s
      At line 246 in file ..\startup\startup_stm32f334x8.s

COMP2_IRQHandler 0000001A

Symbol: COMP2_IRQHandler
   Definitions
      At line 318 in file ..\startup\startup_stm32f334x8.s
   Uses
      At line 144 in file ..\startup\startup_stm32f334x8.s
      At line 267 in file ..\startup\startup_stm32f334x8.s

COMP4_6_IRQHandler 0000001A

Symbol: COMP4_6_IRQHandler
   Definitions
      At line 319 in file ..\startup\startup_stm32f334x8.s
   Uses
      At line 145 in file ..\startup\startup_stm32f334x8.s
      At line 268 in file ..\startup\startup_stm32f334x8.s

DMA1_Channel1_IRQHandler 0000001A

Symbol: DMA1_Channel1_IRQHandler
   Definitions
      At line 289 in file ..\startup\startup_stm32f334x8.s
   Uses
      At line 91 in file ..\startup\startup_stm32f334x8.s
      At line 238 in file ..\startup\startup_stm32f334x8.s

DMA1_Channel2_IRQHandler 0000001A

Symbol: DMA1_Channel2_IRQHandler
   Definitions
      At line 290 in file ..\startup\startup_stm32f334x8.s
   Uses
      At line 92 in file ..\startup\startup_stm32f334x8.s
      At line 239 in file ..\startup\startup_stm32f334x8.s

DMA1_Channel3_IRQHandler 0000001A

Symbol: DMA1_Channel3_IRQHandler
   Definitions
      At line 291 in file ..\startup\startup_stm32f334x8.s
   Uses
      At line 93 in file ..\startup\startup_stm32f334x8.s
      At line 240 in file ..\startup\startup_stm32f334x8.s

DMA1_Channel4_IRQHandler 0000001A

Symbol: DMA1_Channel4_IRQHandler
   Definitions
      At line 292 in file ..\startup\startup_stm32f334x8.s
   Uses
      At line 94 in file ..\startup\startup_stm32f334x8.s
      At line 241 in file ..\startup\startup_stm32f334x8.s

DMA1_Channel5_IRQHandler 0000001A




ARM Macro Assembler    Page 3 Alphabetic symbol ordering
Relocatable symbols

Symbol: DMA1_Channel5_IRQHandler
   Definitions
      At line 293 in file ..\startup\startup_stm32f334x8.s
   Uses
      At line 95 in file ..\startup\startup_stm32f334x8.s
      At line 242 in file ..\startup\startup_stm32f334x8.s

DMA1_Channel6_IRQHandler 0000001A

Symbol: DMA1_Channel6_IRQHandler
   Definitions
      At line 294 in file ..\startup\startup_stm32f334x8.s
   Uses
      At line 96 in file ..\startup\startup_stm32f334x8.s
      At line 243 in file ..\startup\startup_stm32f334x8.s

DMA1_Channel7_IRQHandler 0000001A

Symbol: DMA1_Channel7_IRQHandler
   Definitions
      At line 295 in file ..\startup\startup_stm32f334x8.s
   Uses
      At line 97 in file ..\startup\startup_stm32f334x8.s
      At line 244 in file ..\startup\startup_stm32f334x8.s

DebugMon_Handler 00000014

Symbol: DebugMon_Handler
   Definitions
      At line 212 in file ..\startup\startup_stm32f334x8.s
   Uses
      At line 74 in file ..\startup\startup_stm32f334x8.s
      At line 213 in file ..\startup\startup_stm32f334x8.s

Default_Handler 0000001A

Symbol: Default_Handler
   Definitions
      At line 225 in file ..\startup\startup_stm32f334x8.s
   Uses
      None
Comment: Default_Handler unused
EXTI0_IRQHandler 0000001A

Symbol: EXTI0_IRQHandler
   Definitions
      At line 284 in file ..\startup\startup_stm32f334x8.s
   Uses
      At line 86 in file ..\startup\startup_stm32f334x8.s
      At line 233 in file ..\startup\startup_stm32f334x8.s

EXTI15_10_IRQHandler 0000001A

Symbol: EXTI15_10_IRQHandler
   Definitions
      At line 314 in file ..\startup\startup_stm32f334x8.s
   Uses
      At line 120 in file ..\startup\startup_stm32f334x8.s
      At line 263 in file ..\startup\startup_stm32f334x8.s



ARM Macro Assembler    Page 4 Alphabetic symbol ordering
Relocatable symbols


EXTI1_IRQHandler 0000001A

Symbol: EXTI1_IRQHandler
   Definitions
      At line 285 in file ..\startup\startup_stm32f334x8.s
   Uses
      At line 87 in file ..\startup\startup_stm32f334x8.s
      At line 234 in file ..\startup\startup_stm32f334x8.s

EXTI2_TSC_IRQHandler 0000001A

Symbol: EXTI2_TSC_IRQHandler
   Definitions
      At line 286 in file ..\startup\startup_stm32f334x8.s
   Uses
      At line 88 in file ..\startup\startup_stm32f334x8.s
      At line 235 in file ..\startup\startup_stm32f334x8.s

EXTI3_IRQHandler 0000001A

Symbol: EXTI3_IRQHandler
   Definitions
      At line 287 in file ..\startup\startup_stm32f334x8.s
   Uses
      At line 89 in file ..\startup\startup_stm32f334x8.s
      At line 236 in file ..\startup\startup_stm32f334x8.s

EXTI4_IRQHandler 0000001A

Symbol: EXTI4_IRQHandler
   Definitions
      At line 288 in file ..\startup\startup_stm32f334x8.s
   Uses
      At line 90 in file ..\startup\startup_stm32f334x8.s
      At line 237 in file ..\startup\startup_stm32f334x8.s

EXTI9_5_IRQHandler 0000001A

Symbol: EXTI9_5_IRQHandler
   Definitions
      At line 301 in file ..\startup\startup_stm32f334x8.s
   Uses
      At line 103 in file ..\startup\startup_stm32f334x8.s
      At line 250 in file ..\startup\startup_stm32f334x8.s

FLASH_IRQHandler 0000001A

Symbol: FLASH_IRQHandler
   Definitions
      At line 282 in file ..\startup\startup_stm32f334x8.s
   Uses
      At line 84 in file ..\startup\startup_stm32f334x8.s
      At line 231 in file ..\startup\startup_stm32f334x8.s

FPU_IRQHandler 0000001A

Symbol: FPU_IRQHandler
   Definitions



ARM Macro Assembler    Page 5 Alphabetic symbol ordering
Relocatable symbols

      At line 327 in file ..\startup\startup_stm32f334x8.s
   Uses
      At line 161 in file ..\startup\startup_stm32f334x8.s
      At line 276 in file ..\startup\startup_stm32f334x8.s

HRTIM1_FLT_IRQHandler 0000001A

Symbol: HRTIM1_FLT_IRQHandler
   Definitions
      At line 326 in file ..\startup\startup_stm32f334x8.s
   Uses
      At line 153 in file ..\startup\startup_stm32f334x8.s
      At line 275 in file ..\startup\startup_stm32f334x8.s

HRTIM1_Master_IRQHandler 0000001A

Symbol: HRTIM1_Master_IRQHandler
   Definitions
      At line 320 in file ..\startup\startup_stm32f334x8.s
   Uses
      At line 147 in file ..\startup\startup_stm32f334x8.s
      At line 269 in file ..\startup\startup_stm32f334x8.s

HRTIM1_TIMA_IRQHandler 0000001A

Symbol: HRTIM1_TIMA_IRQHandler
   Definitions
      At line 321 in file ..\startup\startup_stm32f334x8.s
   Uses
      At line 148 in file ..\startup\startup_stm32f334x8.s
      At line 270 in file ..\startup\startup_stm32f334x8.s

HRTIM1_TIMB_IRQHandler 0000001A

Symbol: HRTIM1_TIMB_IRQHandler
   Definitions
      At line 322 in file ..\startup\startup_stm32f334x8.s
   Uses
      At line 149 in file ..\startup\startup_stm32f334x8.s
      At line 271 in file ..\startup\startup_stm32f334x8.s

HRTIM1_TIMC_IRQHandler 0000001A

Symbol: HRTIM1_TIMC_IRQHandler
   Definitions
      At line 323 in file ..\startup\startup_stm32f334x8.s
   Uses
      At line 150 in file ..\startup\startup_stm32f334x8.s
      At line 272 in file ..\startup\startup_stm32f334x8.s

HRTIM1_TIMD_IRQHandler 0000001A

Symbol: HRTIM1_TIMD_IRQHandler
   Definitions
      At line 324 in file ..\startup\startup_stm32f334x8.s
   Uses
      At line 151 in file ..\startup\startup_stm32f334x8.s
      At line 273 in file ..\startup\startup_stm32f334x8.s




ARM Macro Assembler    Page 6 Alphabetic symbol ordering
Relocatable symbols

HRTIM1_TIME_IRQHandler 0000001A

Symbol: HRTIM1_TIME_IRQHandler
   Definitions
      At line 325 in file ..\startup\startup_stm32f334x8.s
   Uses
      At line 152 in file ..\startup\startup_stm32f334x8.s
      At line 274 in file ..\startup\startup_stm32f334x8.s

HardFault_Handler 0000000A

Symbol: HardFault_Handler
   Definitions
      At line 188 in file ..\startup\startup_stm32f334x8.s
   Uses
      At line 65 in file ..\startup\startup_stm32f334x8.s
      At line 189 in file ..\startup\startup_stm32f334x8.s

I2C1_ER_IRQHandler 0000001A

Symbol: I2C1_ER_IRQHandler
   Definitions
      At line 309 in file ..\startup\startup_stm32f334x8.s
   Uses
      At line 112 in file ..\startup\startup_stm32f334x8.s
      At line 258 in file ..\startup\startup_stm32f334x8.s

I2C1_EV_IRQHandler 0000001A

Symbol: I2C1_EV_IRQHandler
   Definitions
      At line 308 in file ..\startup\startup_stm32f334x8.s
   Uses
      At line 111 in file ..\startup\startup_stm32f334x8.s
      At line 257 in file ..\startup\startup_stm32f334x8.s

MemManage_Handler 0000000C

Symbol: MemManage_Handler
   Definitions
      At line 193 in file ..\startup\startup_stm32f334x8.s
   Uses
      At line 66 in file ..\startup\startup_stm32f334x8.s
      At line 194 in file ..\startup\startup_stm32f334x8.s

NMI_Handler 00000008

Symbol: NMI_Handler
   Definitions
      At line 183 in file ..\startup\startup_stm32f334x8.s
   Uses
      At line 64 in file ..\startup\startup_stm32f334x8.s
      At line 184 in file ..\startup\startup_stm32f334x8.s

PVD_IRQHandler 0000001A

Symbol: PVD_IRQHandler
   Definitions
      At line 279 in file ..\startup\startup_stm32f334x8.s



ARM Macro Assembler    Page 7 Alphabetic symbol ordering
Relocatable symbols

   Uses
      At line 81 in file ..\startup\startup_stm32f334x8.s
      At line 228 in file ..\startup\startup_stm32f334x8.s

PendSV_Handler 00000016

Symbol: PendSV_Handler
   Definitions
      At line 216 in file ..\startup\startup_stm32f334x8.s
   Uses
      At line 76 in file ..\startup\startup_stm32f334x8.s
      At line 217 in file ..\startup\startup_stm32f334x8.s

RCC_IRQHandler 0000001A

Symbol: RCC_IRQHandler
   Definitions
      At line 283 in file ..\startup\startup_stm32f334x8.s
   Uses
      At line 85 in file ..\startup\startup_stm32f334x8.s
      At line 232 in file ..\startup\startup_stm32f334x8.s

RTC_Alarm_IRQHandler 0000001A

Symbol: RTC_Alarm_IRQHandler
   Definitions
      At line 315 in file ..\startup\startup_stm32f334x8.s
   Uses
      At line 121 in file ..\startup\startup_stm32f334x8.s
      At line 264 in file ..\startup\startup_stm32f334x8.s

RTC_WKUP_IRQHandler 0000001A

Symbol: RTC_WKUP_IRQHandler
   Definitions
      At line 281 in file ..\startup\startup_stm32f334x8.s
   Uses
      At line 83 in file ..\startup\startup_stm32f334x8.s
      At line 230 in file ..\startup\startup_stm32f334x8.s

Reset_Handler 00000000

Symbol: Reset_Handler
   Definitions
      At line 170 in file ..\startup\startup_stm32f334x8.s
   Uses
      At line 63 in file ..\startup\startup_stm32f334x8.s
      At line 171 in file ..\startup\startup_stm32f334x8.s

SPI1_IRQHandler 0000001A

Symbol: SPI1_IRQHandler
   Definitions
      At line 310 in file ..\startup\startup_stm32f334x8.s
   Uses
      At line 115 in file ..\startup\startup_stm32f334x8.s
      At line 259 in file ..\startup\startup_stm32f334x8.s

SVC_Handler 00000012



ARM Macro Assembler    Page 8 Alphabetic symbol ordering
Relocatable symbols


Symbol: SVC_Handler
   Definitions
      At line 207 in file ..\startup\startup_stm32f334x8.s
   Uses
      At line 73 in file ..\startup\startup_stm32f334x8.s
      At line 208 in file ..\startup\startup_stm32f334x8.s

SysTick_Handler 00000018

Symbol: SysTick_Handler
   Definitions
      At line 220 in file ..\startup\startup_stm32f334x8.s
   Uses
      At line 77 in file ..\startup\startup_stm32f334x8.s
      At line 221 in file ..\startup\startup_stm32f334x8.s

TAMP_STAMP_IRQHandler 0000001A

Symbol: TAMP_STAMP_IRQHandler
   Definitions
      At line 280 in file ..\startup\startup_stm32f334x8.s
   Uses
      At line 82 in file ..\startup\startup_stm32f334x8.s
      At line 229 in file ..\startup\startup_stm32f334x8.s

TIM1_BRK_TIM15_IRQHandler 0000001A

Symbol: TIM1_BRK_TIM15_IRQHandler
   Definitions
      At line 302 in file ..\startup\startup_stm32f334x8.s
   Uses
      At line 104 in file ..\startup\startup_stm32f334x8.s
      At line 251 in file ..\startup\startup_stm32f334x8.s

TIM1_CC_IRQHandler 0000001A

Symbol: TIM1_CC_IRQHandler
   Definitions
      At line 305 in file ..\startup\startup_stm32f334x8.s
   Uses
      At line 107 in file ..\startup\startup_stm32f334x8.s
      At line 254 in file ..\startup\startup_stm32f334x8.s

TIM1_TRG_COM_TIM17_IRQHandler 0000001A

Symbol: TIM1_TRG_COM_TIM17_IRQHandler
   Definitions
      At line 304 in file ..\startup\startup_stm32f334x8.s
   Uses
      At line 106 in file ..\startup\startup_stm32f334x8.s
      At line 253 in file ..\startup\startup_stm32f334x8.s

TIM1_UP_TIM16_IRQHandler 0000001A

Symbol: TIM1_UP_TIM16_IRQHandler
   Definitions
      At line 303 in file ..\startup\startup_stm32f334x8.s
   Uses



ARM Macro Assembler    Page 9 Alphabetic symbol ordering
Relocatable symbols

      At line 105 in file ..\startup\startup_stm32f334x8.s
      At line 252 in file ..\startup\startup_stm32f334x8.s

TIM2_IRQHandler 0000001A

Symbol: TIM2_IRQHandler
   Definitions
      At line 306 in file ..\startup\startup_stm32f334x8.s
   Uses
      At line 108 in file ..\startup\startup_stm32f334x8.s
      At line 255 in file ..\startup\startup_stm32f334x8.s

TIM3_IRQHandler 0000001A

Symbol: TIM3_IRQHandler
   Definitions
      At line 307 in file ..\startup\startup_stm32f334x8.s
   Uses
      At line 109 in file ..\startup\startup_stm32f334x8.s
      At line 256 in file ..\startup\startup_stm32f334x8.s

TIM6_DAC1_IRQHandler 0000001A

Symbol: TIM6_DAC1_IRQHandler
   Definitions
      At line 316 in file ..\startup\startup_stm32f334x8.s
   Uses
      At line 134 in file ..\startup\startup_stm32f334x8.s
      At line 265 in file ..\startup\startup_stm32f334x8.s

TIM7_DAC2_IRQHandler 0000001A

Symbol: TIM7_DAC2_IRQHandler
   Definitions
      At line 317 in file ..\startup\startup_stm32f334x8.s
   Uses
      At line 135 in file ..\startup\startup_stm32f334x8.s
      At line 266 in file ..\startup\startup_stm32f334x8.s

USART1_IRQHandler 0000001A

Symbol: USART1_IRQHandler
   Definitions
      At line 311 in file ..\startup\startup_stm32f334x8.s
   Uses
      At line 117 in file ..\startup\startup_stm32f334x8.s
      At line 260 in file ..\startup\startup_stm32f334x8.s

USART2_IRQHandler 0000001A

Symbol: USART2_IRQHandler
   Definitions
      At line 312 in file ..\startup\startup_stm32f334x8.s
   Uses
      At line 118 in file ..\startup\startup_stm32f334x8.s
      At line 261 in file ..\startup\startup_stm32f334x8.s

USART3_IRQHandler 0000001A




ARM Macro Assembler    Page 10 Alphabetic symbol ordering
Relocatable symbols

Symbol: USART3_IRQHandler
   Definitions
      At line 313 in file ..\startup\startup_stm32f334x8.s
   Uses
      At line 119 in file ..\startup\startup_stm32f334x8.s
      At line 262 in file ..\startup\startup_stm32f334x8.s

UsageFault_Handler 00000010

Symbol: UsageFault_Handler
   Definitions
      At line 203 in file ..\startup\startup_stm32f334x8.s
   Uses
      At line 68 in file ..\startup\startup_stm32f334x8.s
      At line 204 in file ..\startup\startup_stm32f334x8.s

WWDG_IRQHandler 0000001A

Symbol: WWDG_IRQHandler
   Definitions
      At line 278 in file ..\startup\startup_stm32f334x8.s
   Uses
      At line 80 in file ..\startup\startup_stm32f334x8.s
      At line 227 in file ..\startup\startup_stm32f334x8.s

62 symbols



ARM Macro Assembler    Page 1 Alphabetic symbol ordering
Absolute symbols

Heap_Size 00000200

Symbol: Heap_Size
   Definitions
      At line 45 in file ..\startup\startup_stm32f334x8.s
   Uses
      At line 49 in file ..\startup\startup_stm32f334x8.s
Comment: Heap_Size used once
Stack_Size 00000400

Symbol: Stack_Size
   Definitions
      At line 34 in file ..\startup\startup_stm32f334x8.s
   Uses
      At line 37 in file ..\startup\startup_stm32f334x8.s
Comment: Stack_Size used once
__Vectors_Size 00000188

Symbol: __Vectors_Size
   Definitions
      At line 165 in file ..\startup\startup_stm32f334x8.s
   Uses
      At line 60 in file ..\startup\startup_stm32f334x8.s
Comment: __Vectors_Size used once
3 symbols



ARM Macro Assembler    Page 1 Alphabetic symbol ordering
External symbols

SystemInit 00000000

Symbol: SystemInit
   Definitions
      At line 172 in file ..\startup\startup_stm32f334x8.s
   Uses
      At line 175 in file ..\startup\startup_stm32f334x8.s
Comment: SystemInit used once
__main 00000000

Symbol: __main
   Definitions
      At line 173 in file ..\startup\startup_stm32f334x8.s
   Uses
      At line 177 in file ..\startup\startup_stm32f334x8.s
Comment: __main used once
2 symbols
415 symbols in table
